[1m[1m[38;5;34mSUCCESS[39m[1m[0m[0m[1m[23m[24m[27m[28m[29m[39m[49m[22m [[3m2025-08-04 06:16:11[23m] [38;5;248mFile logging enabled: logs/class_Ib.log[39m[0m[0m[22m[23m[24m[27m[28m[29m[39m[49m
[1m[0mINFO[0m[1m[23m[24m[27m[28m[29m[39m[49m[0m[0m[1m[23m[24m[27m[28m[29m[39m[49m[22m [[3m2025-08-04 06:16:11[23m] [38;5;246mCreating project subfolders...[39m[0m[0m[22m[23m[24m[27m[28m[29m[39m[49m
[1m[0mINFO[0m[1m[23m[24m[27m[28m[29m[39m[49m[0m[0m[1m[23m[24m[27m[28m[29m[39m[49m[22m [[3m2025-08-04 06:16:11[23m] [38;5;246mFolder already exists: raw_data[39m[0m[0m[22m[23m[24m[27m[28m[29m[39m[49m
[1m[0mINFO[0m[1m[23m[24m[27m[28m[29m[39m[49m[0m[0m[1m[23m[24m[27m[28m[29m[39m[49m[22m [[3m2025-08-04 06:16:11[23m] [38;5;246mFolder already exists: clean_data[39m[0m[0m[22m[23m[24m[27m[28m[29m[39m[49m
[1m[0mINFO[0m[1m[23m[24m[27m[28m[29m[39m[49m[0m[0m[1m[23m[24m[27m[28m[29m[39m[49m[22m [[3m2025-08-04 06:16:11[23m] [38;5;246mFolder already exists: scripts[39m[0m[0m[22m[23m[24m[27m[28m[29m[39m[49m
[1m[0mINFO[0m[1m[23m[24m[27m[28m[29m[39m[49m[0m[0m[1m[23m[24m[27m[28m[29m[39m[49m[22m [[3m2025-08-04 06:16:11[23m] [38;5;246mFolder already exists: results[39m[0m[0m[22m[23m[24m[27m[28m[29m[39m[49m
[1m[0mINFO[0m[1m[23m[24m[27m[28m[29m[39m[49m[0m[0m[1m[23m[24m[27m[28m[29m[39m[49m[22m [[3m2025-08-04 06:16:11[23m] [38;5;246mFolder already exists: tasks[39m[0m[0m[22m[23m[24m[27m[28m[29m[39m[49m
[1m[0mINFO[0m[1m[23m[24m[27m[28m[29m[39m[49m[0m[0m[1m[23m[24m[27m[28m[29m[39m[49m[22m [[3m2025-08-04 06:16:11[23m] [38;5;246mFolder already exists: plots[39m[0m[0m[22m[23m[24m[27m[28m[29m[39m[49m
[1m[0mINFO[0m[1m[23m[24m[27m[28m[29m[39m[49m[0m[0m[1m[23m[24m[27m[28m[29m[39m[49m[22m [[3m2025-08-04 06:16:11[23m] [38;5;246mProject folder structure verified. Total folders: 7[39m[0m[0m[22m[23m[24m[27m[28m[29m[39m[49m
[1m[0mINFO[0m[1m[23m[24m[27m[28m[29m[39m[49m[0m[0m[1m[23m[24m[27m[28m[29m[39m[49m[22m [[3m2025-08-04 06:16:11[23m] [38;5;246m=== TASK III: Downloading and Processing Patient Data ===[39m[0m[0m[22m[23m[24m[27m[28m[29m[39m[49m
[1m[0mINFO[0m[1m[23m[24m[27m[28m[29m[39m[49m[0m[0m[1m[23m[24m[27m[28m[29m[39m[49m[22m [[3m2025-08-04 06:16:11[23m] [38;5;246mAttempting to download patient_info.csv from GitHub...[39m[0m[0m[22m[23m[24m[27m[28m[29m[39m[49m
[1m[1m[38;5;34mSUCCESS[39m[1m[0m[0m[1m[23m[24m[27m[28m[29m[39m[49m[22m [[3m2025-08-04 06:16:12[23m] [38;5;248mDataset successfully downloaded and loaded![39m[0m[0m[22m[23m[24m[27m[28m[29m[39m[49m
[1m[0mINFO[0m[1m[23m[24m[27m[28m[29m[39m[49m[0m[0m[1m[23m[24m[27m[28m[29m[39m[49m[22m [[3m2025-08-04 06:16:12[23m] [38;5;246mDataset contains 20 rows and 6 columns[39m[0m[0m[22m[23m[24m[27m[28m[29m[39m[49m
[1m[0mINFO[0m[1m[23m[24m[27m[28m[29m[39m[49m[0m[0m[1m[23m[24m[27m[28m[29m[39m[49m[22m [[3m2025-08-04 06:16:12[23m] [38;5;246m=== DATASET INSPECTION ===[39m[0m[0m[22m[23m[24m[27m[28m[29m[39m[49m
[1m[0mINFO[0m[1m[23m[24m[27m[28m[29m[39m[49m[0m[0m[1m[23m[24m[27m[28m[29m[39m[49m[22m [[3m2025-08-04 06:16:12[23m] [38;5;246mDataset dimensions: 20 rows × 6 columns[39m[0m[0m[22m[23m[24m[27m[28m[29m[39m[49m
[1m[0mINFO[0m[1m[23m[24m[27m[28m[29m[39m[49m[0m[0m[1m[23m[24m[27m[28m[29m[39m[49m[22m [[3m2025-08-04 06:16:12[23m] [38;5;246mDisplaying first 6 rows of the dataset:[39m[0m[0m[22m[23m[24m[27m[28m[29m[39m[49m
[1m[0mINFO[0m[1m[23m[24m[27m[28m[29m[39m[49m[0m[0m[1m[23m[24m[27m[28m[29m[39m[49m[22m [[3m2025-08-04 06:16:12[23m] [38;5;246mDisplaying last 6 rows of the dataset:[39m[0m[0m[22m[23m[24m[27m[28m[29m[39m[49m
[1m[0mINFO[0m[1m[23m[24m[27m[28m[29m[39m[49m[0m[0m[1m[23m[24m[27m[28m[29m[39m[49m[22m [[3m2025-08-04 06:16:12[23m] [38;5;246mDataset structure:[39m[0m[0m[22m[23m[24m[27m[28m[29m[39m[49m
[1m[0mINFO[0m[1m[23m[24m[27m[28m[29m[39m[49m[0m[0m[1m[23m[24m[27m[28m[29m[39m[49m[22m [[3m2025-08-04 06:16:12[23m] [38;5;246mSummary statistics:[39m[0m[0m[22m[23m[24m[27m[28m[29m[39m[49m
[1m[1m[38;5;34mSUCCESS[39m[1m[0m[0m[1m[23m[24m[27m[28m[29m[39m[49m[22m [[3m2025-08-04 06:16:12[23m] [38;5;248mNo missing values found in the dataset[39m[0m[0m[22m[23m[24m[27m[28m[29m[39m[49m
[1m[0mINFO[0m[1m[23m[24m[27m[28m[29m[39m[49m[0m[0m[1m[23m[24m[27m[28m[29m[39m[49m[22m [[3m2025-08-04 06:16:12[23m] [38;5;246mData types of each column:[39m[0m[0m[22m[23m[24m[27m[28m[29m[39m[49m
[1m[0mINFO[0m[1m[23m[24m[27m[28m[29m[39m[49m[0m[0m[1m[23m[24m[27m[28m[29m[39m[49m[22m [[3m2025-08-04 06:16:12[23m] [38;5;246mAnalyzing categorical columns:[39m[0m[0m[22m[23m[24m[27m[28m[29m[39m[49m
[1m[0mINFO[0m[1m[23m[24m[27m[28m[29m[39m[49m[0m[0m[1m[23m[24m[27m[28m[29m[39m[49m[22m [[3m2025-08-04 06:16:12[23m] [38;5;246mpatient_id: 20 unique values - P001, P002, P003, P004, P005, P006, P007, P008, P009, P010, P011, P012, P013, P014, P015, P016, P017, P018, P019, P020[39m[0m[0m[22m[23m[24m[27m[28m[29m[39m[49m
[1m[0mINFO[0m[1m[23m[24m[27m[28m[29m[39m[49m[0m[0m[1m[23m[24m[27m[28m[29m[39m[49m[22m [[3m2025-08-04 06:16:12[23m] [38;5;246mgender: 2 unique values - Male, Female[39m[0m[0m[22m[23m[24m[27m[28m[29m[39m[49m
[1m[0mINFO[0m[1m[23m[24m[27m[28m[29m[39m[49m[0m[0m[1m[23m[24m[27m[28m[29m[39m[49m[22m [[3m2025-08-04 06:16:12[23m] [38;5;246mdiagnosis: 2 unique values - Cancer, Normal[39m[0m[0m[22m[23m[24m[27m[28m[29m[39m[49m
[1m[0mINFO[0m[1m[23m[24m[27m[28m[29m[39m[49m[0m[0m[1m[23m[24m[27m[28m[29m[39m[49m[22m [[3m2025-08-04 06:16:12[23m] [38;5;246msmoker: 2 unique values - Yes, No[39m[0m[0m[22m[23m[24m[27m[28m[29m[39m[49m
[1m[0mINFO[0m[1m[23m[24m[27m[28m[29m[39m[49m[0m[0m[1m[23m[24m[27m[28m[29m[39m[49m[22m [[3m2025-08-04 06:16:12[23m] [38;5;246m=== DATA TYPE CORRECTIONS ===[39m[0m[0m[22m[23m[24m[27m[28m[29m[39m[49m
[1m[0mINFO[0m[1m[23m[24m[27m[28m[29m[39m[49m[0m[0m[1m[23m[24m[27m[28m[29m[39m[49m[22m [[3m2025-08-04 06:16:12[23m] [38;5;246mCreated working copy of dataset for cleaning[39m[0m[0m[22m[23m[24m[27m[28m[29m[39m[49m
[1m[1m[38;5;34mSUCCESS[39m[1m[0m[0m[1m[23m[24m[27m[28m[29m[39m[49m[22m [[3m2025-08-04 06:16:12[23m] [38;5;248mConverted 'gender' to factor[39m[0m[0m[22m[23m[24m[27m[28m[29m[39m[49m
[1m[1m[38;5;34mSUCCESS[39m[1m[0m[0m[1m[23m[24m[27m[28m[29m[39m[49m[22m [[3m2025-08-04 06:16:12[23m] [38;5;248mConverted 'diagnosis' to factor[39m[0m[0m[22m[23m[24m[27m[28m[29m[39m[49m
[1m[1m[38;5;34mSUCCESS[39m[1m[0m[0m[1m[23m[24m[27m[28m[29m[39m[49m[22m [[3m2025-08-04 06:16:12[23m] [38;5;248mConverted 'smoker' to factor[39m[0m[0m[22m[23m[24m[27m[28m[29m[39m[49m
[1m[1m[38;5;34mSUCCESS[39m[1m[0m[0m[1m[23m[24m[27m[28m[29m[39m[49m[22m [[3m2025-08-04 06:16:12[23m] [38;5;248mEnsured 'age' is numeric[39m[0m[0m[22m[23m[24m[27m[28m[29m[39m[49m
[1m[1m[38;5;34mSUCCESS[39m[1m[0m[0m[1m[23m[24m[27m[28m[29m[39m[49m[22m [[3m2025-08-04 06:16:12[23m] [38;5;248mEnsured 'bmi' is numeric[39m[0m[0m[22m[23m[24m[27m[28m[29m[39m[49m
[1m[0mINFO[0m[1m[23m[24m[27m[28m[29m[39m[49m[0m[0m[1m[23m[24m[27m[28m[29m[39m[49m[22m [[3m2025-08-04 06:16:12[23m] [38;5;246mCompleted 5 data type conversions[39m[0m[0m[22m[23m[24m[27m[28m[29m[39m[49m
[1m[0mINFO[0m[1m[23m[24m[27m[28m[29m[39m[49m[0m[0m[1m[23m[24m[27m[28m[29m[39m[49m[22m [[3m2025-08-04 06:16:12[23m] [38;5;246m=== CREATING BINARY SMOKING STATUS ===[39m[0m[0m[22m[23m[24m[27m[28m[29m[39m[49m
[1m[1m[38;5;34mSUCCESS[39m[1m[0m[0m[1m[23m[24m[27m[28m[29m[39m[49m[22m [[3m2025-08-04 06:16:12[23m] [38;5;248mCreated binary smoking status variable[39m[0m[0m[22m[23m[24m[27m[28m[29m[39m[49m
[1m[0mINFO[0m[1m[23m[24m[27m[28m[29m[39m[49m[0m[0m[1m[23m[24m[27m[28m[29m[39m[49m[22m [[3m2025-08-04 06:16:12[23m] [38;5;246mBinary smoking distribution: Non-smokers (9), Smokers (11)[39m[0m[0m[22m[23m[24m[27m[28m[29m[39m[49m
[1m[0mINFO[0m[1m[23m[24m[27m[28m[29m[39m[49m[0m[0m[1m[23m[24m[27m[28m[29m[39m[49m[22m [[3m2025-08-04 06:16:12[23m] [38;5;246mVerification of original to binary mapping:[39m[0m[0m[22m[23m[24m[27m[28m[29m[39m[49m
[1m[0mINFO[0m[1m[23m[24m[27m[28m[29m[39m[49m[0m[0m[1m[23m[24m[27m[28m[29m[39m[49m[22m [[3m2025-08-04 06:16:12[23m] [38;5;246m=== FINAL CLEANED DATASET ===[39m[0m[0m[22m[23m[24m[27m[28m[29m[39m[49m
[1m[0mINFO[0m[1m[23m[24m[27m[28m[29m[39m[49m[0m[0m[1m[23m[24m[27m[28m[29m[39m[49m[22m [[3m2025-08-04 06:16:12[23m] [38;5;246mFinal dataset structure:[39m[0m[0m[22m[23m[24m[27m[28m[29m[39m[49m
[1m[0mINFO[0m[1m[23m[24m[27m[28m[29m[39m[49m[0m[0m[1m[23m[24m[27m[28m[29m[39m[49m[22m [[3m2025-08-04 06:16:12[23m] [38;5;246mSummary of cleaned dataset:[39m[0m[0m[22m[23m[24m[27m[28m[29m[39m[49m
[1m[0mINFO[0m[1m[23m[24m[27m[28m[29m[39m[49m[0m[0m[1m[23m[24m[27m[28m[29m[39m[49m[22m [[3m2025-08-04 06:16:12[23m] [38;5;246m=== SAVING CLEANED DATASET ===[39m[0m[0m[22m[23m[24m[27m[28m[29m[39m[49m
[1m[1m[38;5;34mSUCCESS[39m[1m[0m[0m[1m[23m[24m[27m[28m[29m[39m[49m[22m [[3m2025-08-04 06:16:12[23m] [38;5;248mCleaned dataset saved as 'patient_info_clean.csv' in clean_data folder[39m[0m[0m[22m[23m[24m[27m[28m[29m[39m[49m
[1m[0mINFO[0m[1m[23m[24m[27m[28m[29m[39m[49m[0m[0m[1m[23m[24m[27m[28m[29m[39m[49m[22m [[3m2025-08-04 06:16:12[23m] [38;5;246mSaved file size: 0.9 KB[39m[0m[0m[22m[23m[24m[27m[28m[29m[39m[49m
[1m[0mINFO[0m[1m[23m[24m[27m[28m[29m[39m[49m[0m[0m[1m[23m[24m[27m[28m[29m[39m[49m[22m [[3m2025-08-04 06:16:12[23m] [38;5;246m=== SAVING R SCRIPT ===[39m[0m[0m[22m[23m[24m[27m[28m[29m[39m[49m
[1m[0mINFO[0m[1m[23m[24m[27m[28m[29m[39m[49m[0m[0m[1m[23m[24m[27m[28m[29m[39m[49m[22m [[3m2025-08-04 06:16:12[23m] [38;5;246mScript should be saved as: scripts/class_Ib.R[39m[0m[0m[22m[23m[24m[27m[28m[29m[39m[49m
[1m[0mINFO[0m[1m[23m[24m[27m[28m[29m[39m[49m[0m[0m[1m[23m[24m[27m[28m[29m[39m[49m[22m [[3m2025-08-04 06:16:12[23m] [38;5;246mRemember to upload the script to your GitHub repository[39m[0m[0m[22m[23m[24m[27m[28m[29m[39m[49m
[1m[0mINFO[0m[1m[23m[24m[27m[28m[29m[39m[49m[0m[0m[1m[23m[24m[27m[28m[29m[39m[49m[22m [[3m2025-08-04 06:16:12[23m] [38;5;246m=== TASK COMPLETION SUMMARY ===[39m[0m[0m[22m[23m[24m[27m[28m[29m[39m[49m
[1m[1m[38;5;34mSUCCESS[39m[1m[0m[0m[1m[23m[24m[27m[28m[29m[39m[49m[22m [[3m2025-08-04 06:16:12[23m] [38;5;248m✓ Working directory set to: C:/AI_Omics_Internship_2025/Module_I[39m[0m[0m[22m[23m[24m[27m[28m[29m[39m[49m
[1m[1m[38;5;34mSUCCESS[39m[1m[0m[0m[1m[23m[24m[27m[28m[29m[39m[49m[22m [[3m2025-08-04 06:16:12[23m] [38;5;248m✓ Project folder structure created[39m[0m[0m[22m[23m[24m[27m[28m[29m[39m[49m
[1m[1m[38;5;34mSUCCESS[39m[1m[0m[0m[1m[23m[24m[27m[28m[29m[39m[49m[22m [[3m2025-08-04 06:16:12[23m] [38;5;248m✓ Dataset downloaded/loaded successfully[39m[0m[0m[22m[23m[24m[27m[28m[29m[39m[49m
[1m[1m[38;5;34mSUCCESS[39m[1m[0m[0m[1m[23m[24m[27m[28m[29m[39m[49m[22m [[3m2025-08-04 06:16:12[23m] [38;5;248m✓ Data inspection completed[39m[0m[0m[22m[23m[24m[27m[28m[29m[39m[49m
[1m[1m[38;5;34mSUCCESS[39m[1m[0m[0m[1m[23m[24m[27m[28m[29m[39m[49m[22m [[3m2025-08-04 06:16:12[23m] [38;5;248m✓ Data types corrected[39m[0m[0m[22m[23m[24m[27m[28m[29m[39m[49m
[1m[1m[38;5;34mSUCCESS[39m[1m[0m[0m[1m[23m[24m[27m[28m[29m[39m[49m[22m [[3m2025-08-04 06:16:12[23m] [38;5;248m✓ Binary smoking status variable created[39m[0m[0m[22m[23m[24m[27m[28m[29m[39m[49m
[1m[1m[38;5;34mSUCCESS[39m[1m[0m[0m[1m[23m[24m[27m[28m[29m[39m[49m[22m [[3m2025-08-04 06:16:12[23m] [38;5;248m✓ Cleaned dataset saved[39m[0m[0m[22m[23m[24m[27m[28m[29m[39m[49m
[1m[1m[38;5;34mSUCCESS[39m[1m[0m[0m[1m[23m[24m[27m[28m[29m[39m[49m[22m [[3m2025-08-04 06:16:12[23m] [38;5;248m✓ Script ready for GitHub upload[39m[0m[0m[22m[23m[24m[27m[28m[29m[39m[49m
[1m[0mINFO[0m[1m[23m[24m[27m[28m[29m[39m[49m[0m[0m[1m[23m[24m[27m[28m[29m[39m[49m[22m [[3m2025-08-04 06:16:12[23m] [38;5;246mProject folders created:[39m[0m[0m[22m[23m[24m[27m[28m[29m[39m[49m
[1m[0mINFO[0m[1m[23m[24m[27m[28m[29m[39m[49m[0m[0m[1m[23m[24m[27m[28m[29m[39m[49m[22m [[3m2025-08-04 06:16:12[23m] [38;5;246m  • clean_data[39m[0m[0m[22m[23m[24m[27m[28m[29m[39m[49m
[1m[0mINFO[0m[1m[23m[24m[27m[28m[29m[39m[49m[0m[0m[1m[23m[24m[27m[28m[29m[39m[49m[22m [[3m2025-08-04 06:16:12[23m] [38;5;246m  • logs[39m[0m[0m[22m[23m[24m[27m[28m[29m[39m[49m
[1m[0mINFO[0m[1m[23m[24m[27m[28m[29m[39m[49m[0m[0m[1m[23m[24m[27m[28m[29m[39m[49m[22m [[3m2025-08-04 06:16:12[23m] [38;5;246m  • plots[39m[0m[0m[22m[23m[24m[27m[28m[29m[39m[49m
[1m[0mINFO[0m[1m[23m[24m[27m[28m[29m[39m[49m[0m[0m[1m[23m[24m[27m[28m[29m[39m[49m[22m [[3m2025-08-04 06:16:12[23m] [38;5;246m  • raw_data[39m[0m[0m[22m[23m[24m[27m[28m[29m[39m[49m
[1m[0mINFO[0m[1m[23m[24m[27m[28m[29m[39m[49m[0m[0m[1m[23m[24m[27m[28m[29m[39m[49m[22m [[3m2025-08-04 06:16:12[23m] [38;5;246m  • results[39m[0m[0m[22m[23m[24m[27m[28m[29m[39m[49m
[1m[0mINFO[0m[1m[23m[24m[27m[28m[29m[39m[49m[0m[0m[1m[23m[24m[27m[28m[29m[39m[49m[22m [[3m2025-08-04 06:16:12[23m] [38;5;246m  • scripts[39m[0m[0m[22m[23m[24m[27m[28m[29m[39m[49m
[1m[0mINFO[0m[1m[23m[24m[27m[28m[29m[39m[49m[0m[0m[1m[23m[24m[27m[28m[29m[39m[49m[22m [[3m2025-08-04 06:16:12[23m] [38;5;246m  • tasks[39m[0m[0m[22m[23m[24m[27m[28m[29m[39m[49m
[1m[0mINFO[0m[1m[23m[24m[27m[28m[29m[39m[49m[0m[0m[1m[23m[24m[27m[28m[29m[39m[49m[22m [[3m2025-08-04 06:16:12[23m] [38;5;246mFiles in raw_data folder: patient_info.csv[39m[0m[0m[22m[23m[24m[27m[28m[29m[39m[49m
[1m[0mINFO[0m[1m[23m[24m[27m[28m[29m[39m[49m[0m[0m[1m[23m[24m[27m[28m[29m[39m[49m[22m [[3m2025-08-04 06:16:12[23m] [38;5;246mFiles in clean_data folder: patient_info_clean.csv[39m[0m[0m[22m[23m[24m[27m[28m[29m[39m[49m
[1m[1m[38;5;34mSUCCESS[39m[1m[0m[0m[1m[23m[24m[27m[28m[29m[39m[49m[22m [[3m2025-08-04 06:16:12[23m] [38;5;248m=== ALL TASKS COMPLETED SUCCESSFULLY ===[39m[0m[0m[22m[23m[24m[27m[28m[29m[39m[49m
[1m[0mINFO[0m[1m[23m[24m[27m[28m[29m[39m[49m[0m[0m[1m[23m[24m[27m[28m[29m[39m[49m[22m [[3m2025-08-04 06:16:12[23m] [38;5;246mSession completed at: 2025-08-04 06:16:12.838404[39m[0m[0m[22m[23m[24m[27m[28m[29m[39m[49m
